001_致爱丽丝
002_天空之城
003_快乐的农夫
004_梦中的婚礼
005_卡农
006_龙猫
007_演艺人
008_Nobody
009_亡灵序曲
010_菊次郎的夏天
011_梁祝
012_小苹果
013_北京欢迎你
014_雅典的废墟Op113
015_随它吧
016_此情可待
017_天鹅湖
018_土耳其进行曲
019_欢乐颂
020_爱之梦
021_假如爱有天意
022_明天会更好
023_雪绒花
024_寂静之声
025_小星星
026_神秘园
027_爱的罗曼史
028_祝你圣诞快乐
029_圣诞老人
030_一步之遥
031_更替的四季
032_孤独的牧羊人
033_喜洋洋
034_恭喜发财
035_拜年
036_春节序曲
037_难忘今宵
038_花好月圆
039_第一次
040_这很容易
041_日出
042_阳光女孩
043_为你年轻
044_秋日私语170810
045_Aline170905
046_秋叶170810
047_萤火虫之舞170905
048_带我飞向月球170831
049_五月雨170927
